<?xml version="1.0" encoding="UTF-8"?>
<testsuite xmlns:xsi="http://www.w3.org/2001/XMLSchema-instance" xsi:noNamespaceSchemaLocation="https://maven.apache.org/surefire/maven-surefire-plugin/xsd/surefire-test-report-3.0.xsd" version="3.0" name="bank.RunCukesTest" time="1.304" tests="5" errors="0" skipped="4" failures="0">
  <properties>
[...]
</properties>
  <testcase name="Given I have an account file with contents:" classname="Scenario: read account numbers" time="0.0">
    <skipped/>
    <system-out><![CDATA[Feature: Bank OCR Kata
  
  See details: https://github.com/testdouble/contributing-tests/wiki/Bank-OCR-Kata-in-Cucumber
]]></system-out>
  </testcase>
  <testcase name="When I parse the file" classname="Scenario: read account numbers" time="0.0">
    <skipped/>
  </testcase>
  <testcase name="Then the first account number is &quot;123456789&quot;" classname="Scenario: read account numbers" time="0.0">
    <skipped/>
  </testcase>
  <testcase name="" classname="Scenario: read account numbers" time="0.0">
    <skipped/>
  </testcase>
  <testcase name="" classname="Scenario: read account numbers" time="0.006"/>
</testsuite>